1563761465494	geckodriver	INFO	geckodriver 0.21.0
1563761465555	geckodriver	INFO	Listening on 127.0.0.1:57949
1563761468763	mozrunner::runner	INFO	Running command: "/usr/bin/firefox" "-marionette" "-foreground" "-no-remote" "-profile" "/tmp/rust_mozprofile.Mu7QBOImf7pu"

(firefox-esr:7871): Gtk-WARNING **: 23:11:15.413: Theme parsing error: <data>:1:34: Expected ')' in color definition

(firefox-esr:7871): Gtk-WARNING **: 23:11:15.413: Theme parsing error: <data>:1:77: Expected ')' in color definition
1563761482556	Marionette	INFO	Listening on port 44071
1563761482616	Marionette	WARN	TLS certificate errors will be ignored for this session
console.log: Accessibility service init or shutdown observer does not exist.

###!!! [Child][RunMessage] Error: Channel closing: too late to send/recv, messages will be lost


###!!! [Child][RunMessage] Error: Channel closing: too late to send/recv, messages will be lost

1563762726477	geckodriver	INFO	geckodriver 0.21.0
1563762726484	geckodriver	INFO	Listening on 127.0.0.1:46035
1563762727624	mozrunner::runner	INFO	Running command: "/usr/bin/firefox" "-marionette" "-foreground" "-no-remote" "-profile" "/tmp/rust_mozprofile.Rw7cumIzlk8b"

(firefox-esr:8387): Gtk-WARNING **: 23:32:09.156: Theme parsing error: <data>:1:34: Expected ')' in color definition

(firefox-esr:8387): Gtk-WARNING **: 23:32:09.156: Theme parsing error: <data>:1:77: Expected ')' in color definition
1563762732557	Marionette	INFO	Listening on port 38145
1563762732641	Marionette	WARN	TLS certificate errors will be ignored for this session
console.log: Accessibility service init or shutdown observer does not exist.
1563762944794	geckodriver	INFO	geckodriver 0.21.0
1563762944802	geckodriver	INFO	Listening on 127.0.0.1:48927
1563762945854	mozrunner::runner	INFO	Running command: "/usr/bin/firefox" "-marionette" "-foreground" "-no-remote" "-profile" "/tmp/rust_mozprofile.CRyhrSrjHjvk"

(firefox-esr:8731): Gtk-WARNING **: 23:35:46.985: Theme parsing error: <data>:1:34: Expected ')' in color definition

(firefox-esr:8731): Gtk-WARNING **: 23:35:46.985: Theme parsing error: <data>:1:77: Expected ')' in color definition
1563762950236	Marionette	INFO	Listening on port 44057
1563762950271	Marionette	WARN	TLS certificate errors will be ignored for this session
